<?xml version="1.0" encoding="UTF-8"?>
<!-- Generated by org.testng.reporters.JUnitReportReporter -->
<testsuite skipped="0" hostname="BlrIS-AmbhrajY" name="com.testcases.MyRunner" tests="1" failures="0" timestamp="21 May 2019 07:19:13 GMT" time="0.042" errors="0">
  <testcase name="runScenario" time="0.042" classname="com.testcases.MyRunner"/>
</testsuite> <!-- com.testcases.MyRunner -->
