<?xml version="1.0" encoding="UTF-8"?>
<!-- Generated by org.testng.reporters.JUnitReportReporter -->
<testsuite skipped="0" hostname="BlrIS-AmbhrajY" name="com.runner.Runner" tests="1" failures="0" timestamp="22 May 2019 12:47:27 GMT" time="0.292" errors="0">
  <testcase name="runScenario" time="0.292" classname="com.runner.Runner"/>
</testsuite> <!-- com.runner.Runner -->
